<?xml version="1.0" encoding="UTF-8"?>
<!-- Generated by org.testng.reporters.JUnitReportReporter -->
<testsuite hostname="Paresh" failures="0" tests="14" name="TestCases.tagtest" time="1000.158" errors="0" timestamp="2024-10-09T16:11:43 IST" skipped="7">
  <testcase classname="TestCases.tagtest" name="tagtesting" time="72.825"/>
  <testcase classname="TestCases.tagtest" name="tagtesting" time="69.325"/>
  <testcase classname="TestCases.tagtest" name="tagtesting" time="70.522"/>
  <testcase classname="TestCases.tagtest" name="tagtesting" time="67.847">
    <skipped/>
  </testcase> <!-- tagtesting -->
  <testcase classname="TestCases.tagtest" name="tagtesting" time="74.434">
    <skipped/>
  </testcase> <!-- tagtesting -->
  <testcase classname="TestCases.tagtest" name="tagtesting" time="73.870">
    <skipped/>
  </testcase> <!-- tagtesting -->
  <testcase classname="TestCases.tagtest" name="tagtesting" time="69.610"/>
  <testcase classname="TestCases.tagtest" name="tagtesting" time="68.026">
    <skipped/>
  </testcase> <!-- tagtesting -->
  <testcase classname="TestCases.tagtest" name="tagtesting" time="73.169">
    <skipped/>
  </testcase> <!-- tagtesting -->
  <testcase classname="TestCases.tagtest" name="tagtesting" time="69.452">
    <skipped/>
  </testcase> <!-- tagtesting -->
  <testcase classname="TestCases.tagtest" name="tagtesting" time="74.691"/>
  <testcase classname="TestCases.tagtest" name="tagtesting" time="72.590">
    <skipped/>
  </testcase> <!-- tagtesting -->
  <testcase classname="TestCases.tagtest" name="tagtesting" time="71.254"/>
  <testcase classname="TestCases.tagtest" name="tagtesting" time="72.543"/>
</testsuite> <!-- TestCases.tagtest -->
