<?xml version="1.0" encoding="UTF-8"?>
<!-- Generated by org.testng.reporters.JUnitReportReporter -->
<testsuite hostname="Paresh" failures="0" tests="1" name="TestCases.deletefiles" time="0.011" errors="0" timestamp="2024-10-04T16:12:43 IST" skipped="0">
  <testcase classname="TestCases.deletefiles" name="delete" time="0.011"/>
</testsuite> <!-- TestCases.deletefiles -->
